<?xml version="1.0" encoding="UTF-8"?>
<!-- Generated by org.testng.reporters.JUnitReportReporter -->
<testsuite hostname="DESKTOP-DA4AKM5" failures="0" tests="6" name="store.Website" time="30.399" errors="0" timestamp="2022-03-02T12:26:46 IST" skipped="0">
  <testcase classname="store.Website" name="a" time="9.852"/>
  <system-out/>
  <testcase classname="store.Website" name="b" time="6.017"/>
  <system-out/>
  <testcase classname="store.Website" name="c" time="5.711"/>
  <system-out/>
  <testcase classname="store.Website" name="d" time="5.397"/>
  <system-out/>
  <testcase classname="store.Website" name="e" time="2.792"/>
  <system-out/>
  <testcase classname="store.Website" name="f" time="0.630"/>
  <system-out/>
</testsuite> <!-- store.Website -->
